"is_built_lib_builtin" "true"
"built_lib_builtin" "/afs/cri.epita.net/user/a/al/alexis.guillot/u/alexis.guillot/_build/Source/builtin/builtin.cma"
"built_lib_builtin" "/afs/cri.epita.net/user/a/al/alexis.guillot/u/alexis.guillot/_build/Source/builtin/builtin.cmxa"
"built_lib_builtin" "/afs/cri.epita.net/user/a/al/alexis.guillot/u/alexis.guillot/_build/Source/builtin/builtin.a"
"built_lib_builtin" "/afs/cri.epita.net/user/a/al/alexis.guillot/u/alexis.guillot/_build/Source/builtin/builtin.cmxs"
"built_lib_builtin" "/afs/cri.epita.net/user/a/al/alexis.guillot/u/alexis.guillot/_build/Source/builtin/builtin.cmi"
"built_lib_builtin" "/afs/cri.epita.net/user/a/al/alexis.guillot/u/alexis.guillot/_build/Source/builtin/builtin.cmti"
"built_lib_builtin" "/afs/cri.epita.net/user/a/al/alexis.guillot/u/alexis.guillot/_build/Source/builtin/builtin.cmt"
"built_lib_builtin" "/afs/cri.epita.net/user/a/al/alexis.guillot/u/alexis.guillot/_build/Source/builtin/builtin.annot"
"built_lib_builtin" "/afs/cri.epita.net/user/a/al/alexis.guillot/u/alexis.guillot/_build/Source/builtin/builtin.cmx"
"is_built_lib_builtin_basic_arithmetics" "true"
"built_lib_builtin_basic_arithmetics" "/afs/cri.epita.net/user/a/al/alexis.guillot/u/alexis.guillot/_build/Source/builtin/builtin_basic_arithmetics.cma"
"built_lib_builtin_basic_arithmetics" "/afs/cri.epita.net/user/a/al/alexis.guillot/u/alexis.guillot/_build/Source/builtin/builtin_basic_arithmetics.cmxa"
"built_lib_builtin_basic_arithmetics" "/afs/cri.epita.net/user/a/al/alexis.guillot/u/alexis.guillot/_build/Source/builtin/builtin_basic_arithmetics.a"
"built_lib_builtin_basic_arithmetics" "/afs/cri.epita.net/user/a/al/alexis.guillot/u/alexis.guillot/_build/Source/builtin/builtin_basic_arithmetics.cmxs"
"built_lib_builtin_basic_arithmetics" "/afs/cri.epita.net/user/a/al/alexis.guillot/u/alexis.guillot/_build/Source/builtin/basic_arithmetics.cmi"
"built_lib_builtin_basic_arithmetics" "/afs/cri.epita.net/user/a/al/alexis.guillot/u/alexis.guillot/_build/Source/builtin/basic_arithmetics.cmti"
"built_lib_builtin_basic_arithmetics" "/afs/cri.epita.net/user/a/al/alexis.guillot/u/alexis.guillot/_build/Source/builtin/basic_arithmetics.cmt"
"built_lib_builtin_basic_arithmetics" "/afs/cri.epita.net/user/a/al/alexis.guillot/u/alexis.guillot/_build/Source/builtin/basic_arithmetics.annot"
"built_lib_builtin_basic_arithmetics" "/afs/cri.epita.net/user/a/al/alexis.guillot/u/alexis.guillot/_build/Source/builtin/basic_arithmetics.cmx"
"is_built_lib_builtin_power" "true"
"built_lib_builtin_power" "/afs/cri.epita.net/user/a/al/alexis.guillot/u/alexis.guillot/_build/Source/builtin/builtin_power.cma"
"built_lib_builtin_power" "/afs/cri.epita.net/user/a/al/alexis.guillot/u/alexis.guillot/_build/Source/builtin/builtin_power.cmxa"
"built_lib_builtin_power" "/afs/cri.epita.net/user/a/al/alexis.guillot/u/alexis.guillot/_build/Source/builtin/builtin_power.a"
"built_lib_builtin_power" "/afs/cri.epita.net/user/a/al/alexis.guillot/u/alexis.guillot/_build/Source/builtin/builtin_power.cmxs"
"built_lib_builtin_power" "/afs/cri.epita.net/user/a/al/alexis.guillot/u/alexis.guillot/_build/Source/builtin/power.cmi"
"built_lib_builtin_power" "/afs/cri.epita.net/user/a/al/alexis.guillot/u/alexis.guillot/_build/Source/builtin/power.cmti"
"built_lib_builtin_power" "/afs/cri.epita.net/user/a/al/alexis.guillot/u/alexis.guillot/_build/Source/builtin/power.cmt"
"built_lib_builtin_power" "/afs/cri.epita.net/user/a/al/alexis.guillot/u/alexis.guillot/_build/Source/builtin/power.annot"
"built_lib_builtin_power" "/afs/cri.epita.net/user/a/al/alexis.guillot/u/alexis.guillot/_build/Source/builtin/power.cmx"
"is_built_lib_builtin_generate_primes" "true"
"built_lib_builtin_generate_primes" "/afs/cri.epita.net/user/a/al/alexis.guillot/u/alexis.guillot/_build/Source/builtin/builtin_generate_primes.cma"
"built_lib_builtin_generate_primes" "/afs/cri.epita.net/user/a/al/alexis.guillot/u/alexis.guillot/_build/Source/builtin/builtin_generate_primes.cmxa"
"built_lib_builtin_generate_primes" "/afs/cri.epita.net/user/a/al/alexis.guillot/u/alexis.guillot/_build/Source/builtin/builtin_generate_primes.a"
"built_lib_builtin_generate_primes" "/afs/cri.epita.net/user/a/al/alexis.guillot/u/alexis.guillot/_build/Source/builtin/builtin_generate_primes.cmxs"
"built_lib_builtin_generate_primes" "/afs/cri.epita.net/user/a/al/alexis.guillot/u/alexis.guillot/_build/Source/builtin/generate_primes.cmi"
"built_lib_builtin_generate_primes" "/afs/cri.epita.net/user/a/al/alexis.guillot/u/alexis.guillot/_build/Source/builtin/generate_primes.cmti"
"built_lib_builtin_generate_primes" "/afs/cri.epita.net/user/a/al/alexis.guillot/u/alexis.guillot/_build/Source/builtin/generate_primes.cmt"
"built_lib_builtin_generate_primes" "/afs/cri.epita.net/user/a/al/alexis.guillot/u/alexis.guillot/_build/Source/builtin/generate_primes.annot"
"built_lib_builtin_generate_primes" "/afs/cri.epita.net/user/a/al/alexis.guillot/u/alexis.guillot/_build/Source/builtin/generate_primes.cmx"
"is_built_lib_builtin_test_primes" "true"
"built_lib_builtin_test_primes" "/afs/cri.epita.net/user/a/al/alexis.guillot/u/alexis.guillot/_build/Source/builtin/builtin_test_primes.cma"
"built_lib_builtin_test_primes" "/afs/cri.epita.net/user/a/al/alexis.guillot/u/alexis.guillot/_build/Source/builtin/builtin_test_primes.cmxa"
"built_lib_builtin_test_primes" "/afs/cri.epita.net/user/a/al/alexis.guillot/u/alexis.guillot/_build/Source/builtin/builtin_test_primes.a"
"built_lib_builtin_test_primes" "/afs/cri.epita.net/user/a/al/alexis.guillot/u/alexis.guillot/_build/Source/builtin/builtin_test_primes.cmxs"
"built_lib_builtin_test_primes" "/afs/cri.epita.net/user/a/al/alexis.guillot/u/alexis.guillot/_build/Source/builtin/test_primes.cmi"
"built_lib_builtin_test_primes" "/afs/cri.epita.net/user/a/al/alexis.guillot/u/alexis.guillot/_build/Source/builtin/test_primes.cmti"
"built_lib_builtin_test_primes" "/afs/cri.epita.net/user/a/al/alexis.guillot/u/alexis.guillot/_build/Source/builtin/test_primes.cmt"
"built_lib_builtin_test_primes" "/afs/cri.epita.net/user/a/al/alexis.guillot/u/alexis.guillot/_build/Source/builtin/test_primes.annot"
"built_lib_builtin_test_primes" "/afs/cri.epita.net/user/a/al/alexis.guillot/u/alexis.guillot/_build/Source/builtin/test_primes.cmx"
"is_built_lib_builtin_encoding_msg" "true"
"built_lib_builtin_encoding_msg" "/afs/cri.epita.net/user/a/al/alexis.guillot/u/alexis.guillot/_build/Source/builtin/builtin_encoding_msg.cma"
"built_lib_builtin_encoding_msg" "/afs/cri.epita.net/user/a/al/alexis.guillot/u/alexis.guillot/_build/Source/builtin/builtin_encoding_msg.cmxa"
"built_lib_builtin_encoding_msg" "/afs/cri.epita.net/user/a/al/alexis.guillot/u/alexis.guillot/_build/Source/builtin/builtin_encoding_msg.a"
"built_lib_builtin_encoding_msg" "/afs/cri.epita.net/user/a/al/alexis.guillot/u/alexis.guillot/_build/Source/builtin/builtin_encoding_msg.cmxs"
"built_lib_builtin_encoding_msg" "/afs/cri.epita.net/user/a/al/alexis.guillot/u/alexis.guillot/_build/Source/builtin/encoding_msg.cmi"
"built_lib_builtin_encoding_msg" "/afs/cri.epita.net/user/a/al/alexis.guillot/u/alexis.guillot/_build/Source/builtin/encoding_msg.cmti"
"built_lib_builtin_encoding_msg" "/afs/cri.epita.net/user/a/al/alexis.guillot/u/alexis.guillot/_build/Source/builtin/encoding_msg.cmt"
"built_lib_builtin_encoding_msg" "/afs/cri.epita.net/user/a/al/alexis.guillot/u/alexis.guillot/_build/Source/builtin/encoding_msg.annot"
"built_lib_builtin_encoding_msg" "/afs/cri.epita.net/user/a/al/alexis.guillot/u/alexis.guillot/_build/Source/builtin/encoding_msg.cmx"
"is_built_lib_builtin_ciphers" "true"
"built_lib_builtin_ciphers" "/afs/cri.epita.net/user/a/al/alexis.guillot/u/alexis.guillot/_build/Source/builtin/builtin_ciphers.cma"
"built_lib_builtin_ciphers" "/afs/cri.epita.net/user/a/al/alexis.guillot/u/alexis.guillot/_build/Source/builtin/builtin_ciphers.cmxa"
"built_lib_builtin_ciphers" "/afs/cri.epita.net/user/a/al/alexis.guillot/u/alexis.guillot/_build/Source/builtin/builtin_ciphers.a"
"built_lib_builtin_ciphers" "/afs/cri.epita.net/user/a/al/alexis.guillot/u/alexis.guillot/_build/Source/builtin/builtin_ciphers.cmxs"
"built_lib_builtin_ciphers" "/afs/cri.epita.net/user/a/al/alexis.guillot/u/alexis.guillot/_build/Source/builtin/ciphers.cmi"
"built_lib_builtin_ciphers" "/afs/cri.epita.net/user/a/al/alexis.guillot/u/alexis.guillot/_build/Source/builtin/ciphers.cmti"
"built_lib_builtin_ciphers" "/afs/cri.epita.net/user/a/al/alexis.guillot/u/alexis.guillot/_build/Source/builtin/ciphers.cmt"
"built_lib_builtin_ciphers" "/afs/cri.epita.net/user/a/al/alexis.guillot/u/alexis.guillot/_build/Source/builtin/ciphers.annot"
"built_lib_builtin_ciphers" "/afs/cri.epita.net/user/a/al/alexis.guillot/u/alexis.guillot/_build/Source/builtin/ciphers.cmx"
"is_built_lib_builtin_break_ciphers" "true"
"built_lib_builtin_break_ciphers" "/afs/cri.epita.net/user/a/al/alexis.guillot/u/alexis.guillot/_build/Source/builtin/builtin_break_ciphers.cma"
"built_lib_builtin_break_ciphers" "/afs/cri.epita.net/user/a/al/alexis.guillot/u/alexis.guillot/_build/Source/builtin/builtin_break_ciphers.cmxa"
"built_lib_builtin_break_ciphers" "/afs/cri.epita.net/user/a/al/alexis.guillot/u/alexis.guillot/_build/Source/builtin/builtin_break_ciphers.a"
"built_lib_builtin_break_ciphers" "/afs/cri.epita.net/user/a/al/alexis.guillot/u/alexis.guillot/_build/Source/builtin/builtin_break_ciphers.cmxs"
"built_lib_builtin_break_ciphers" "/afs/cri.epita.net/user/a/al/alexis.guillot/u/alexis.guillot/_build/Source/builtin/break_ciphers.cmi"
"built_lib_builtin_break_ciphers" "/afs/cri.epita.net/user/a/al/alexis.guillot/u/alexis.guillot/_build/Source/builtin/break_ciphers.cmti"
"built_lib_builtin_break_ciphers" "/afs/cri.epita.net/user/a/al/alexis.guillot/u/alexis.guillot/_build/Source/builtin/break_ciphers.cmt"
"built_lib_builtin_break_ciphers" "/afs/cri.epita.net/user/a/al/alexis.guillot/u/alexis.guillot/_build/Source/builtin/break_ciphers.annot"
"built_lib_builtin_break_ciphers" "/afs/cri.epita.net/user/a/al/alexis.guillot/u/alexis.guillot/_build/Source/builtin/break_ciphers.cmx"
"is_built_lib_test_builtin_templates" "true"
"built_lib_test_builtin_templates" "/afs/cri.epita.net/user/a/al/alexis.guillot/u/alexis.guillot/_build/Source/builtin/tests/test_builtin_templates.cma"
"built_lib_test_builtin_templates" "/afs/cri.epita.net/user/a/al/alexis.guillot/u/alexis.guillot/_build/Source/builtin/tests/test_builtin_templates.cmxa"
"built_lib_test_builtin_templates" "/afs/cri.epita.net/user/a/al/alexis.guillot/u/alexis.guillot/_build/Source/builtin/tests/test_builtin_templates.a"
"built_lib_test_builtin_templates" "/afs/cri.epita.net/user/a/al/alexis.guillot/u/alexis.guillot/_build/Source/builtin/tests/test_builtin_templates.cmxs"
"built_lib_test_builtin_templates" "/afs/cri.epita.net/user/a/al/alexis.guillot/u/alexis.guillot/_build/Source/builtin/tests/test_builtin_templates.cmi"
"built_lib_test_builtin_templates" "/afs/cri.epita.net/user/a/al/alexis.guillot/u/alexis.guillot/_build/Source/builtin/tests/test_builtin_templates.cmt"
"built_lib_test_builtin_templates" "/afs/cri.epita.net/user/a/al/alexis.guillot/u/alexis.guillot/_build/Source/builtin/tests/test_builtin_templates.annot"
"built_lib_test_builtin_templates" "/afs/cri.epita.net/user/a/al/alexis.guillot/u/alexis.guillot/_build/Source/builtin/tests/test_builtin_templates.cmx"
"is_built_exec_test_builtin" "true"
"built_exec_test_builtin" "/afs/cri.epita.net/user/a/al/alexis.guillot/u/alexis.guillot/_build/Source/builtin/tests/test_builtin.byte"
"is_built_exec_test_builtin_basic_arithmetics" "true"
"built_exec_test_builtin_basic_arithmetics" "/afs/cri.epita.net/user/a/al/alexis.guillot/u/alexis.guillot/_build/Source/builtin/tests/test_builtin_basic_arithmetics.byte"
"is_built_exec_test_builtin_power" "true"
"built_exec_test_builtin_power" "/afs/cri.epita.net/user/a/al/alexis.guillot/u/alexis.guillot/_build/Source/builtin/tests/test_builtin_power.byte"
"is_built_exec_test_builtin_test_primes" "true"
"built_exec_test_builtin_test_primes" "/afs/cri.epita.net/user/a/al/alexis.guillot/u/alexis.guillot/_build/Source/builtin/tests/test_builtin_test_primes.byte"
"is_built_exec_test_builtin_generate_primes" "true"
"built_exec_test_builtin_generate_primes" "/afs/cri.epita.net/user/a/al/alexis.guillot/u/alexis.guillot/_build/Source/builtin/tests/test_builtin_generate_primes.byte"
"is_built_exec_test_builtin_encoding_msg" "true"
"built_exec_test_builtin_encoding_msg" "/afs/cri.epita.net/user/a/al/alexis.guillot/u/alexis.guillot/_build/Source/builtin/tests/test_builtin_encoding_msg.byte"
"is_built_exec_test_builtin_ciphers" "true"
"built_exec_test_builtin_ciphers" "/afs/cri.epita.net/user/a/al/alexis.guillot/u/alexis.guillot/_build/Source/builtin/tests/test_builtin_ciphers.byte"
"is_built_exec_test_builtin_break_ciphers" "true"
"built_exec_test_builtin_break_ciphers" "/afs/cri.epita.net/user/a/al/alexis.guillot/u/alexis.guillot/_build/Source/builtin/tests/test_builtin_break_ciphers.byte"
"is_built_lib_scalable" "true"
"built_lib_scalable" "/afs/cri.epita.net/user/a/al/alexis.guillot/u/alexis.guillot/_build/Source/scalable/scalable.cma"
"built_lib_scalable" "/afs/cri.epita.net/user/a/al/alexis.guillot/u/alexis.guillot/_build/Source/scalable/scalable.cmxa"
"built_lib_scalable" "/afs/cri.epita.net/user/a/al/alexis.guillot/u/alexis.guillot/_build/Source/scalable/scalable.a"
"built_lib_scalable" "/afs/cri.epita.net/user/a/al/alexis.guillot/u/alexis.guillot/_build/Source/scalable/scalable.cmxs"
"built_lib_scalable" "/afs/cri.epita.net/user/a/al/alexis.guillot/u/alexis.guillot/_build/Source/scalable/scalable.cmi"
"built_lib_scalable" "/afs/cri.epita.net/user/a/al/alexis.guillot/u/alexis.guillot/_build/Source/scalable/scalable.cmti"
"built_lib_scalable" "/afs/cri.epita.net/user/a/al/alexis.guillot/u/alexis.guillot/_build/Source/scalable/scalable.cmt"
"built_lib_scalable" "/afs/cri.epita.net/user/a/al/alexis.guillot/u/alexis.guillot/_build/Source/scalable/scalable.annot"
"built_lib_scalable" "/afs/cri.epita.net/user/a/al/alexis.guillot/u/alexis.guillot/_build/Source/scalable/scalable.cmx"
"is_built_lib_scalable_basic_arithmetics" "true"
"built_lib_scalable_basic_arithmetics" "/afs/cri.epita.net/user/a/al/alexis.guillot/u/alexis.guillot/_build/Source/scalable/scalable_basic_arithmetics.cma"
"built_lib_scalable_basic_arithmetics" "/afs/cri.epita.net/user/a/al/alexis.guillot/u/alexis.guillot/_build/Source/scalable/scalable_basic_arithmetics.cmxa"
"built_lib_scalable_basic_arithmetics" "/afs/cri.epita.net/user/a/al/alexis.guillot/u/alexis.guillot/_build/Source/scalable/scalable_basic_arithmetics.a"
"built_lib_scalable_basic_arithmetics" "/afs/cri.epita.net/user/a/al/alexis.guillot/u/alexis.guillot/_build/Source/scalable/scalable_basic_arithmetics.cmxs"
"built_lib_scalable_basic_arithmetics" "/afs/cri.epita.net/user/a/al/alexis.guillot/u/alexis.guillot/_build/Source/scalable/basic_arithmetics.cmi"
"built_lib_scalable_basic_arithmetics" "/afs/cri.epita.net/user/a/al/alexis.guillot/u/alexis.guillot/_build/Source/scalable/basic_arithmetics.cmti"
"built_lib_scalable_basic_arithmetics" "/afs/cri.epita.net/user/a/al/alexis.guillot/u/alexis.guillot/_build/Source/scalable/basic_arithmetics.cmt"
"built_lib_scalable_basic_arithmetics" "/afs/cri.epita.net/user/a/al/alexis.guillot/u/alexis.guillot/_build/Source/scalable/basic_arithmetics.annot"
"built_lib_scalable_basic_arithmetics" "/afs/cri.epita.net/user/a/al/alexis.guillot/u/alexis.guillot/_build/Source/scalable/basic_arithmetics.cmx"
"is_built_lib_test_scalable_templates" "true"
"built_lib_test_scalable_templates" "/afs/cri.epita.net/user/a/al/alexis.guillot/u/alexis.guillot/_build/Source/scalable/tests/test_scalable_templates.cma"
"built_lib_test_scalable_templates" "/afs/cri.epita.net/user/a/al/alexis.guillot/u/alexis.guillot/_build/Source/scalable/tests/test_scalable_templates.cmxa"
"built_lib_test_scalable_templates" "/afs/cri.epita.net/user/a/al/alexis.guillot/u/alexis.guillot/_build/Source/scalable/tests/test_scalable_templates.a"
"built_lib_test_scalable_templates" "/afs/cri.epita.net/user/a/al/alexis.guillot/u/alexis.guillot/_build/Source/scalable/tests/test_scalable_templates.cmxs"
"built_lib_test_scalable_templates" "/afs/cri.epita.net/user/a/al/alexis.guillot/u/alexis.guillot/_build/Source/scalable/tests/test_scalable_templates.cmi"
"built_lib_test_scalable_templates" "/afs/cri.epita.net/user/a/al/alexis.guillot/u/alexis.guillot/_build/Source/scalable/tests/test_scalable_templates.cmt"
"built_lib_test_scalable_templates" "/afs/cri.epita.net/user/a/al/alexis.guillot/u/alexis.guillot/_build/Source/scalable/tests/test_scalable_templates.annot"
"built_lib_test_scalable_templates" "/afs/cri.epita.net/user/a/al/alexis.guillot/u/alexis.guillot/_build/Source/scalable/tests/test_scalable_templates.cmx"
"is_built_exec_test_scalable" "true"
"built_exec_test_scalable" "/afs/cri.epita.net/user/a/al/alexis.guillot/u/alexis.guillot/_build/Source/scalable/tests/test_scalable.byte"
"is_built_exec_test_scalable_basic_arithmetics" "true"
"built_exec_test_scalable_basic_arithmetics" "/afs/cri.epita.net/user/a/al/alexis.guillot/u/alexis.guillot/_build/Source/scalable/tests/test_scalable_basic_arithmetics.byte"
"is_built_lib_multithreading" "true"
"built_lib_multithreading" "/afs/cri.epita.net/user/a/al/alexis.guillot/u/alexis.guillot/_build/Source/multithreading/multithreading.cma"
"built_lib_multithreading" "/afs/cri.epita.net/user/a/al/alexis.guillot/u/alexis.guillot/_build/Source/multithreading/multithreading.cmxa"
"built_lib_multithreading" "/afs/cri.epita.net/user/a/al/alexis.guillot/u/alexis.guillot/_build/Source/multithreading/multithreading.a"
"built_lib_multithreading" "/afs/cri.epita.net/user/a/al/alexis.guillot/u/alexis.guillot/_build/Source/multithreading/multithreading.cmxs"
"built_lib_multithreading" "/afs/cri.epita.net/user/a/al/alexis.guillot/u/alexis.guillot/_build/Source/multithreading/multithreading.cmi"
"built_lib_multithreading" "/afs/cri.epita.net/user/a/al/alexis.guillot/u/alexis.guillot/_build/Source/multithreading/multithreading.cmti"
"built_lib_multithreading" "/afs/cri.epita.net/user/a/al/alexis.guillot/u/alexis.guillot/_build/Source/multithreading/multithreading.cmt"
"built_lib_multithreading" "/afs/cri.epita.net/user/a/al/alexis.guillot/u/alexis.guillot/_build/Source/multithreading/multithreading.annot"
"built_lib_multithreading" "/afs/cri.epita.net/user/a/al/alexis.guillot/u/alexis.guillot/_build/Source/multithreading/multithreading.cmx"
"is_built_lib_multithreading_chineses_remaindert" "true"
"built_lib_multithreading_chineses_remaindert" "/afs/cri.epita.net/user/a/al/alexis.guillot/u/alexis.guillot/_build/Source/multithreading/multithreading_chineses_remaindert.cma"
"built_lib_multithreading_chineses_remaindert" "/afs/cri.epita.net/user/a/al/alexis.guillot/u/alexis.guillot/_build/Source/multithreading/multithreading_chineses_remaindert.cmxa"
"built_lib_multithreading_chineses_remaindert" "/afs/cri.epita.net/user/a/al/alexis.guillot/u/alexis.guillot/_build/Source/multithreading/multithreading_chineses_remaindert.a"
"built_lib_multithreading_chineses_remaindert" "/afs/cri.epita.net/user/a/al/alexis.guillot/u/alexis.guillot/_build/Source/multithreading/multithreading_chineses_remaindert.cmxs"
"built_lib_multithreading_chineses_remaindert" "/afs/cri.epita.net/user/a/al/alexis.guillot/u/alexis.guillot/_build/Source/multithreading/chinese_remaindert.cmi"
"built_lib_multithreading_chineses_remaindert" "/afs/cri.epita.net/user/a/al/alexis.guillot/u/alexis.guillot/_build/Source/multithreading/chinese_remaindert.cmti"
"built_lib_multithreading_chineses_remaindert" "/afs/cri.epita.net/user/a/al/alexis.guillot/u/alexis.guillot/_build/Source/multithreading/chinese_remaindert.cmt"
"built_lib_multithreading_chineses_remaindert" "/afs/cri.epita.net/user/a/al/alexis.guillot/u/alexis.guillot/_build/Source/multithreading/chinese_remaindert.annot"
"built_lib_multithreading_chineses_remaindert" "/afs/cri.epita.net/user/a/al/alexis.guillot/u/alexis.guillot/_build/Source/multithreading/chinese_remaindert.cmx"
